[    1953ms] [ERROR] Fetch failed, using fallback data Error: `headers` was called outside a request scope. Read more: https://nextjs.org/docs/messages/next-dynamic-api-wrong-context
    at throwForMissingRequestStore (http://localhost:3000/_next/static/chunks/node_modules_next_dist_f3530cac._.js:3733:33)
    at headers (http://localhost:3000/_next/static/chunks/node_modules_next_dist_a428f260._.js:3826:67)
    at getServerSession (http://localhost:3000/_next/static/chunks/node_modules_next-auth_575f2ea6._.js:3608:47)
    at getAuthHeaders (http://localhost:3000/_next/static/chunks/src_84eaa15d._.js:3048:188)
    at fetchWithAuth (http://localhost:3000/_next/static/chunks/src_84eaa15d._.js:3059:31)
    at getDashboardStats (http://localhost:3000/_next/static/chunks/src_84eaa15d._.js:3181:12)
    at fetchData (http://localhost:3000/_next/static/chunks/src_84eaa15d._.js:3246:180)
    at DashboardContent.useEffect (http://localhost:3000/_next/static/chunks/src_84eaa15d._.js:3268:13)
    at Object.react_stack_bottom_frame (http://localhost:3000/_next/static/chunks/node_modules_next_dist_compiled_react-dom_1e674e59._.js:14876:22)
    at runWithFiberInDEV (http://localhost:3000/_next/static/chunks/node_modules_next_dist_compiled_react-dom_1e674e59._.js:965:74)
    at commitHookEffectListMount (http://localhost:3000/_next/static/chunks/node_modules_next_dist_compiled_react-dom_1e674e59._.js:7266:167)
    at commitHookPassiveMountEffects (http://localhost:3000/_next/static/chunks/node_modules_next_dist_compiled_react-dom_1e674e59._.js:7301:60)
    at reconnectPassiveEffects (http://localhost:3000/_next/static/chunks/node_modules_next_dist_compiled_react-dom_1e674e59._.js:8786:17)
    at recursivelyTraverseReconnectPassiveEffects (http://localhost:3000/_next/static/chunks/node_modules_next_dist_compiled_react-dom_1e674e59._.js:8773:13)
    at commitPassiveMountOnFiber (http://localhost:3000/_next/static/chunks/node_modules_next_dist_compiled_react-dom_1e674e59._.js:8745:970)
    at recursivelyTraversePassiveMountEffects (http://localhost:3000/_next/static/chunks/node_modules_next_dist_compiled_react-dom_1e674e59._.js:8683:316)
    at commitPassiveMountOnFiber (http://localhost:3000/_next/static/chunks/node_modules_next_dist_compiled_react-dom_1e674e59._.js:8737:17)
    at recursivelyTraversePassiveMountEffects (http://localhost:3000/_next/static/chunks/node_modules_next_dist_compiled_react-dom_1e674e59._.js:8683:316)
    at commitPassiveMountOnFiber (http://localhost:3000/_next/static/chunks/node_modules_next_dist_compiled_react-dom_1e674e59._.js:8695:17)
    at recursivelyTraversePassiveMountEffects (http://localhost:3000/_next/static/chunks/node_modules_next_dist_compiled_react-dom_1e674e59._.js:8683:316)
    at commitPassiveMountOnFiber (http://localhost:3000/_next/static/chunks/node_modules_next_dist_compiled_react-dom_1e674e59._.js:8695:17)
    at recursivelyTraversePassiveMountEffects (http://localhost:3000/_next/static/chunks/node_modules_next_dist_compiled_react-dom_1e674e59._.js:8683:316)
    at commitPassiveMountOnFiber (http://localhost:3000/_next/static/chunks/node_modules_next_dist_compiled_react-dom_1e674e59._.js:8695:17)
    at recursivelyTraversePassiveMountEffects (http://localhost:3000/_next/static/chunks/node_modules_next_dist_compiled_react-dom_1e674e59._.js:8683:316)
    at commitPassiveMountOnFiber (http://localhost:3000/_next/static/chunks/node_modules_next_dist_compiled_react-dom_1e674e59._.js:8757:17)
    at recursivelyTraversePassiveMountEffects (http://localhost:3000/_next/static/chunks/node_modules_next_dist_compiled_react-dom_1e674e59._.js:8683:316)
    at commitPassiveMountOnFiber (http://localhost:3000/_next/static/chunks/node_modules_next_dist_compiled_react-dom_1e674e59._.js:8757:17)
    at recursivelyTraversePassiveMountEffects (http://localhost:3000/_next/static/chunks/node_modules_next_dist_compiled_react-dom_1e674e59._.js:8683:316)
    at commitPassiveMountOnFiber (http://localhost:3000/_next/static/chunks/node_modules_next_dist_compiled_react-dom_1e674e59._.js:8695:17)
    at recursivelyTraversePassiveMountEffects (http://localhost:3000/_next/static/chunks/node_modules_next_dist_compiled_react-dom_1e674e59._.js:8683:316)
    at commitPassiveMountOnFiber (http://localhost:3000/_next/static/chunks/node_modules_next_dist_compiled_react-dom_1e674e59._.js:8700:17)
    at recursivelyTraversePassiveMountEffects (http://localhost:3000/_next/static/chunks/node_modules_next_dist_compiled_react-dom_1e674e59._.js:8683:316)
    at commitPassiveMountOnFiber (http://localhost:3000/_next/static/chunks/node_modules_next_dist_compiled_react-dom_1e674e59._.js:8695:17)
    at recursivelyTraversePassiveMountEffects (http://localhost:3000/_next/static/chunks/node_modules_next_dist_compiled_react-dom_1e674e59._.js:8683:316)
    at commitPassiveMountOnFiber (http://localhost:3000/_next/static/chunks/node_modules_next_dist_compiled_react-dom_1e674e59._.js:8695:17)
    at recursivelyTraversePassiveMountEffects (http://localhost:3000/_next/static/chunks/node_modules_next_dist_compiled_react-dom_1e674e59._.js:8683:316)
    at commitPassiveMountOnFiber (http://localhost:3000/_next/static/chunks/node_modules_next_dist_compiled_react-dom_1e674e59._.js:8695:17)
    at recursivelyTraversePassiveMountEffects (http://localhost:3000/_next/static/chunks/node_modules_next_dist_compiled_react-dom_1e674e59._.js:8683:316)
    at commitPassiveMountOnFiber (http://localhost:3000/_next/static/chunks/node_modules_next_dist_compiled_react-dom_1e674e59._.js:8700:17)
    at recursivelyTraversePassiveMountEffects (http://localhost:3000/_next/static/chunks/node_modules_next_dist_compiled_react-dom_1e674e59._.js:8683:316)
    at commitPassiveMountOnFiber (http://localhost:3000/_next/static/chunks/node_modules_next_dist_compiled_react-dom_1e674e59._.js:8695:17)
    at recursivelyTraversePassiveMountEffects (http://localhost:3000/_next/static/chunks/node_modules_next_dist_compiled_react-dom_1e674e59._.js:8683:316)
    at commitPassiveMountOnFiber (http://localhost:3000/_next/static/chunks/node_modules_next_dist_compiled_react-dom_1e674e59._.js:8700:17)
    at recursivelyTraversePassiveMountEffects (http://localhost:3000/_next/static/chunks/node_modules_next_dist_compiled_react-dom_1e674e59._.js:8683:316)
    at commitPassiveMountOnFiber (http://localhost:3000/_next/static/chunks/node_modules_next_dist_compiled_react-dom_1e674e59._.js:8695:17)
    at recursivelyTraversePassiveMountEffects (http://localhost:3000/_next/static/chunks/node_modules_next_dist_compiled_react-dom_1e674e59._.js:8683:316)
    at commitPassiveMountOnFiber (http://localhost:3000/_next/static/chunks/node_modules_next_dist_compiled_react-dom_1e674e59._.js:8695:17)
    at recursivelyTraversePassiveMountEffects (http://localhost:3000/_next/static/chunks/node_modules_next_dist_compiled_react-dom_1e674e59._.js:8683:316)
    at commitPassiveMountOnFiber (http://localhost:3000/_next/static/chunks/node_modules_next_dist_compiled_react-dom_1e674e59._.js:8757:17)
    at recursivelyTraversePassiveMountEffects (http://localhost:3000/_next/static/chunks/node_modules_next_dist_compiled_react-dom_1e674e59._.js:8683:316) @ http://localhost:3000/_next/static/chunks/node_modules_next_dist_f3530cac._.js:3127
[    1954ms] [ERROR] Fetch failed, using fallback data Error: `headers` was called outside a request scope. Read more: https://nextjs.org/docs/messages/next-dynamic-api-wrong-context
    at throwForMissingRequestStore (http://localhost:3000/_next/static/chunks/node_modules_next_dist_f3530cac._.js:3733:33)
    at headers (http://localhost:3000/_next/static/chunks/node_modules_next_dist_a428f260._.js:3826:67)
    at getServerSession (http://localhost:3000/_next/static/chunks/node_modules_next-auth_575f2ea6._.js:3608:47)
    at getAuthHeaders (http://localhost:3000/_next/static/chunks/src_84eaa15d._.js:3048:188)
    at fetchWithAuth (http://localhost:3000/_next/static/chunks/src_84eaa15d._.js:3059:31)
    at getCampaigns (http://localhost:3000/_next/static/chunks/src_84eaa15d._.js:3184:12)
    at fetchData (http://localhost:3000/_next/static/chunks/src_84eaa15d._.js:3247:175)
    at DashboardContent.useEffect (http://localhost:3000/_next/static/chunks/src_84eaa15d._.js:3268:13)
    at Object.react_stack_bottom_frame (http://localhost:3000/_next/static/chunks/node_modules_next_dist_compiled_react-dom_1e674e59._.js:14876:22)
    at runWithFiberInDEV (http://localhost:3000/_next/static/chunks/node_modules_next_dist_compiled_react-dom_1e674e59._.js:965:74)
    at commitHookEffectListMount (http://localhost:3000/_next/static/chunks/node_modules_next_dist_compiled_react-dom_1e674e59._.js:7266:167)
    at commitHookPassiveMountEffects (http://localhost:3000/_next/static/chunks/node_modules_next_dist_compiled_react-dom_1e674e59._.js:7301:60)
    at reconnectPassiveEffects (http://localhost:3000/_next/static/chunks/node_modules_next_dist_compiled_react-dom_1e674e59._.js:8786:17)
    at recursivelyTraverseReconnectPassiveEffects (http://localhost:3000/_next/static/chunks/node_modules_next_dist_compiled_react-dom_1e674e59._.js:8773:13)
    at commitPassiveMountOnFiber (http://localhost:3000/_next/static/chunks/node_modules_next_dist_compiled_react-dom_1e674e59._.js:8745:970)
    at recursivelyTraversePassiveMountEffects (http://localhost:3000/_next/static/chunks/node_modules_next_dist_compiled_react-dom_1e674e59._.js:8683:316)
    at commitPassiveMountOnFiber (http://localhost:3000/_next/static/chunks/node_modules_next_dist_compiled_react-dom_1e674e59._.js:8737:17)
    at recursivelyTraversePassiveMountEffects (http://localhost:3000/_next/static/chunks/node_modules_next_dist_compiled_react-dom_1e674e59._.js:8683:316)
    at commitPassiveMountOnFiber (http://localhost:3000/_next/static/chunks/node_modules_next_dist_compiled_react-dom_1e674e59._.js:8695:17)
    at recursivelyTraversePassiveMountEffects (http://localhost:3000/_next/static/chunks/node_modules_next_dist_compiled_react-dom_1e674e59._.js:8683:316)
    at commitPassiveMountOnFiber (http://localhost:3000/_next/static/chunks/node_modules_next_dist_compiled_react-dom_1e674e59._.js:8695:17)
    at recursivelyTraversePassiveMountEffects (http://localhost:3000/_next/static/chunks/node_modules_next_dist_compiled_react-dom_1e674e59._.js:8683:316)
    at commitPassiveMountOnFiber (http://localhost:3000/_next/static/chunks/node_modules_next_dist_compiled_react-dom_1e674e59._.js:8695:17)
    at recursivelyTraversePassiveMountEffects (http://localhost:3000/_next/static/chunks/node_modules_next_dist_compiled_react-dom_1e674e59._.js:8683:316)
    at commitPassiveMountOnFiber (http://localhost:3000/_next/static/chunks/node_modules_next_dist_compiled_react-dom_1e674e59._.js:8757:17)
    at recursivelyTraversePassiveMountEffects (http://localhost:3000/_next/static/chunks/node_modules_next_dist_compiled_react-dom_1e674e59._.js:8683:316)
    at commitPassiveMountOnFiber (http://localhost:3000/_next/static/chunks/node_modules_next_dist_compiled_react-dom_1e674e59._.js:8757:17)
    at recursivelyTraversePassiveMountEffects (http://localhost:3000/_next/static/chunks/node_modules_next_dist_compiled_react-dom_1e674e59._.js:8683:316)
    at commitPassiveMountOnFiber (http://localhost:3000/_next/static/chunks/node_modules_next_dist_compiled_react-dom_1e674e59._.js:8695:17)
    at recursivelyTraversePassiveMountEffects (http://localhost:3000/_next/static/chunks/node_modules_next_dist_compiled_react-dom_1e674e59._.js:8683:316)
    at commitPassiveMountOnFiber (http://localhost:3000/_next/static/chunks/node_modules_next_dist_compiled_react-dom_1e674e59._.js:8700:17)
    at recursivelyTraversePassiveMountEffects (http://localhost:3000/_next/static/chunks/node_modules_next_dist_compiled_react-dom_1e674e59._.js:8683:316)
    at commitPassiveMountOnFiber (http://localhost:3000/_next/static/chunks/node_modules_next_dist_compiled_react-dom_1e674e59._.js:8695:17)
    at recursivelyTraversePassiveMountEffects (http://localhost:3000/_next/static/chunks/node_modules_next_dist_compiled_react-dom_1e674e59._.js:8683:316)
    at commitPassiveMountOnFiber (http://localhost:3000/_next/static/chunks/node_modules_next_dist_compiled_react-dom_1e674e59._.js:8695:17)
    at recursivelyTraversePassiveMountEffects (http://localhost:3000/_next/static/chunks/node_modules_next_dist_compiled_react-dom_1e674e59._.js:8683:316)
    at commitPassiveMountOnFiber (http://localhost:3000/_next/static/chunks/node_modules_next_dist_compiled_react-dom_1e674e59._.js:8695:17)
    at recursivelyTraversePassiveMountEffects (http://localhost:3000/_next/static/chunks/node_modules_next_dist_compiled_react-dom_1e674e59._.js:8683:316)
    at commitPassiveMountOnFiber (http://localhost:3000/_next/static/chunks/node_modules_next_dist_compiled_react-dom_1e674e59._.js:8700:17)
    at recursivelyTraversePassiveMountEffects (http://localhost:3000/_next/static/chunks/node_modules_next_dist_compiled_react-dom_1e674e59._.js:8683:316)
    at commitPassiveMountOnFiber (http://localhost:3000/_next/static/chunks/node_modules_next_dist_compiled_react-dom_1e674e59._.js:8695:17)
    at recursivelyTraversePassiveMountEffects (http://localhost:3000/_next/static/chunks/node_modules_next_dist_compiled_react-dom_1e674e59._.js:8683:316)
    at commitPassiveMountOnFiber (http://localhost:3000/_next/static/chunks/node_modules_next_dist_compiled_react-dom_1e674e59._.js:8700:17)
    at recursivelyTraversePassiveMountEffects (http://localhost:3000/_next/static/chunks/node_modules_next_dist_compiled_react-dom_1e674e59._.js:8683:316)
    at commitPassiveMountOnFiber (http://localhost:3000/_next/static/chunks/node_modules_next_dist_compiled_react-dom_1e674e59._.js:8695:17)
    at recursivelyTraversePassiveMountEffects (http://localhost:3000/_next/static/chunks/node_modules_next_dist_compiled_react-dom_1e674e59._.js:8683:316)
    at commitPassiveMountOnFiber (http://localhost:3000/_next/static/chunks/node_modules_next_dist_compiled_react-dom_1e674e59._.js:8695:17)
    at recursivelyTraversePassiveMountEffects (http://localhost:3000/_next/static/chunks/node_modules_next_dist_compiled_react-dom_1e674e59._.js:8683:316)
    at commitPassiveMountOnFiber (http://localhost:3000/_next/static/chunks/node_modules_next_dist_compiled_react-dom_1e674e59._.js:8757:17)
    at recursivelyTraversePassiveMountEffects (http://localhost:3000/_next/static/chunks/node_modules_next_dist_compiled_react-dom_1e674e59._.js:8683:316) @ http://localhost:3000/_next/static/chunks/node_modules_next_dist_f3530cac._.js:3127
[    1954ms] [ERROR] Fetch failed, using fallback data Error: `headers` was called outside a request scope. Read more: https://nextjs.org/docs/messages/next-dynamic-api-wrong-context
    at throwForMissingRequestStore (http://localhost:3000/_next/static/chunks/node_modules_next_dist_f3530cac._.js:3733:33)
    at headers (http://localhost:3000/_next/static/chunks/node_modules_next_dist_a428f260._.js:3826:67)
    at getServerSession (http://localhost:3000/_next/static/chunks/node_modules_next-auth_575f2ea6._.js:3608:47)
    at getAuthHeaders (http://localhost:3000/_next/static/chunks/src_84eaa15d._.js:3048:188)
    at fetchWithAuth (http://localhost:3000/_next/static/chunks/src_84eaa15d._.js:3059:31)
    at getBrandDNA (http://localhost:3000/_next/static/chunks/src_84eaa15d._.js:3187:12)
    at fetchData (http://localhost:3000/_next/static/chunks/src_84eaa15d._.js:3248:174)
    at DashboardContent.useEffect (http://localhost:3000/_next/static/chunks/src_84eaa15d._.js:3268:13)
    at Object.react_stack_bottom_frame (http://localhost:3000/_next/static/chunks/node_modules_next_dist_compiled_react-dom_1e674e59._.js:14876:22)
    at runWithFiberInDEV (http://localhost:3000/_next/static/chunks/node_modules_next_dist_compiled_react-dom_1e674e59._.js:965:74)
    at commitHookEffectListMount (http://localhost:3000/_next/static/chunks/node_modules_next_dist_compiled_react-dom_1e674e59._.js:7266:167)
    at commitHookPassiveMountEffects (http://localhost:3000/_next/static/chunks/node_modules_next_dist_compiled_react-dom_1e674e59._.js:7301:60)
    at reconnectPassiveEffects (http://localhost:3000/_next/static/chunks/node_modules_next_dist_compiled_react-dom_1e674e59._.js:8786:17)
    at recursivelyTraverseReconnectPassiveEffects (http://localhost:3000/_next/static/chunks/node_modules_next_dist_compiled_react-dom_1e674e59._.js:8773:13)
    at commitPassiveMountOnFiber (http://localhost:3000/_next/static/chunks/node_modules_next_dist_compiled_react-dom_1e674e59._.js:8745:970)
    at recursivelyTraversePassiveMountEffects (http://localhost:3000/_next/static/chunks/node_modules_next_dist_compiled_react-dom_1e674e59._.js:8683:316)
    at commitPassiveMountOnFiber (http://localhost:3000/_next/static/chunks/node_modules_next_dist_compiled_react-dom_1e674e59._.js:8737:17)
    at recursivelyTraversePassiveMountEffects (http://localhost:3000/_next/static/chunks/node_modules_next_dist_compiled_react-dom_1e674e59._.js:8683:316)
    at commitPassiveMountOnFiber (http://localhost:3000/_next/static/chunks/node_modules_next_dist_compiled_react-dom_1e674e59._.js:8695:17)
    at recursivelyTraversePassiveMountEffects (http://localhost:3000/_next/static/chunks/node_modules_next_dist_compiled_react-dom_1e674e59._.js:8683:316)
    at commitPassiveMountOnFiber (http://localhost:3000/_next/static/chunks/node_modules_next_dist_compiled_react-dom_1e674e59._.js:8695:17)
    at recursivelyTraversePassiveMountEffects (http://localhost:3000/_next/static/chunks/node_modules_next_dist_compiled_react-dom_1e674e59._.js:8683:316)
    at commitPassiveMountOnFiber (http://localhost:3000/_next/static/chunks/node_modules_next_dist_compiled_react-dom_1e674e59._.js:8695:17)
    at recursivelyTraversePassiveMountEffects (http://localhost:3000/_next/static/chunks/node_modules_next_dist_compiled_react-dom_1e674e59._.js:8683:316)
    at commitPassiveMountOnFiber (http://localhost:3000/_next/static/chunks/node_modules_next_dist_compiled_react-dom_1e674e59._.js:8757:17)
    at recursivelyTraversePassiveMountEffects (http://localhost:3000/_next/static/chunks/node_modules_next_dist_compiled_react-dom_1e674e59._.js:8683:316)
    at commitPassiveMountOnFiber (http://localhost:3000/_next/static/chunks/node_modules_next_dist_compiled_react-dom_1e674e59._.js:8757:17)
    at recursivelyTraversePassiveMountEffects (http://localhost:3000/_next/static/chunks/node_modules_next_dist_compiled_react-dom_1e674e59._.js:8683:316)
    at commitPassiveMountOnFiber (http://localhost:3000/_next/static/chunks/node_modules_next_dist_compiled_react-dom_1e674e59._.js:8695:17)
    at recursivelyTraversePassiveMountEffects (http://localhost:3000/_next/static/chunks/node_modules_next_dist_compiled_react-dom_1e674e59._.js:8683:316)
    at commitPassiveMountOnFiber (http://localhost:3000/_next/static/chunks/node_modules_next_dist_compiled_react-dom_1e674e59._.js:8700:17)
    at recursivelyTraversePassiveMountEffects (http://localhost:3000/_next/static/chunks/node_modules_next_dist_compiled_react-dom_1e674e59._.js:8683:316)
    at commitPassiveMountOnFiber (http://localhost:3000/_next/static/chunks/node_modules_next_dist_compiled_react-dom_1e674e59._.js:8695:17)
    at recursivelyTraversePassiveMountEffects (http://localhost:3000/_next/static/chunks/node_modules_next_dist_compiled_react-dom_1e674e59._.js:8683:316)
    at commitPassiveMountOnFiber (http://localhost:3000/_next/static/chunks/node_modules_next_dist_compiled_react-dom_1e674e59._.js:8695:17)
    at recursivelyTraversePassiveMountEffects (http://localhost:3000/_next/static/chunks/node_modules_next_dist_compiled_react-dom_1e674e59._.js:8683:316)
    at commitPassiveMountOnFiber (http://localhost:3000/_next/static/chunks/node_modules_next_dist_compiled_react-dom_1e674e59._.js:8695:17)
    at recursivelyTraversePassiveMountEffects (http://localhost:3000/_next/static/chunks/node_modules_next_dist_compiled_react-dom_1e674e59._.js:8683:316)
    at commitPassiveMountOnFiber (http://localhost:3000/_next/static/chunks/node_modules_next_dist_compiled_react-dom_1e674e59._.js:8700:17)
    at recursivelyTraversePassiveMountEffects (http://localhost:3000/_next/static/chunks/node_modules_next_dist_compiled_react-dom_1e674e59._.js:8683:316)
    at commitPassiveMountOnFiber (http://localhost:3000/_next/static/chunks/node_modules_next_dist_compiled_react-dom_1e674e59._.js:8695:17)
    at recursivelyTraversePassiveMountEffects (http://localhost:3000/_next/static/chunks/node_modules_next_dist_compiled_react-dom_1e674e59._.js:8683:316)
    at commitPassiveMountOnFiber (http://localhost:3000/_next/static/chunks/node_modules_next_dist_compiled_react-dom_1e674e59._.js:8700:17)
    at recursivelyTraversePassiveMountEffects (http://localhost:3000/_next/static/chunks/node_modules_next_dist_compiled_react-dom_1e674e59._.js:8683:316)
    at commitPassiveMountOnFiber (http://localhost:3000/_next/static/chunks/node_modules_next_dist_compiled_react-dom_1e674e59._.js:8695:17)
    at recursivelyTraversePassiveMountEffects (http://localhost:3000/_next/static/chunks/node_modules_next_dist_compiled_react-dom_1e674e59._.js:8683:316)
    at commitPassiveMountOnFiber (http://localhost:3000/_next/static/chunks/node_modules_next_dist_compiled_react-dom_1e674e59._.js:8695:17)
    at recursivelyTraversePassiveMountEffects (http://localhost:3000/_next/static/chunks/node_modules_next_dist_compiled_react-dom_1e674e59._.js:8683:316)
    at commitPassiveMountOnFiber (http://localhost:3000/_next/static/chunks/node_modules_next_dist_compiled_react-dom_1e674e59._.js:8757:17)
    at recursivelyTraversePassiveMountEffects (http://localhost:3000/_next/static/chunks/node_modules_next_dist_compiled_react-dom_1e674e59._.js:8683:316) @ http://localhost:3000/_next/static/chunks/node_modules_next_dist_f3530cac._.js:3127
[    1954ms] [ERROR] Fetch failed, using fallback data Error: `headers` was called outside a request scope. Read more: https://nextjs.org/docs/messages/next-dynamic-api-wrong-context
    at throwForMissingRequestStore (http://localhost:3000/_next/static/chunks/node_modules_next_dist_f3530cac._.js:3733:33)
    at headers (http://localhost:3000/_next/static/chunks/node_modules_next_dist_a428f260._.js:3826:67)
    at getServerSession (http://localhost:3000/_next/static/chunks/node_modules_next-auth_575f2ea6._.js:3608:47)
    at getAuthHeaders (http://localhost:3000/_next/static/chunks/src_84eaa15d._.js:3048:188)
    at fetchWithAuth (http://localhost:3000/_next/static/chunks/src_84eaa15d._.js:3059:31)
    at getRecentActivity (http://localhost:3000/_next/static/chunks/src_84eaa15d._.js:3190:12)
    at fetchData (http://localhost:3000/_next/static/chunks/src_84eaa15d._.js:3249:180)
    at DashboardContent.useEffect (http://localhost:3000/_next/static/chunks/src_84eaa15d._.js:3268:13)
    at Object.react_stack_bottom_frame (http://localhost:3000/_next/static/chunks/node_modules_next_dist_compiled_react-dom_1e674e59._.js:14876:22)
    at runWithFiberInDEV (http://localhost:3000/_next/static/chunks/node_modules_next_dist_compiled_react-dom_1e674e59._.js:965:74)
    at commitHookEffectListMount (http://localhost:3000/_next/static/chunks/node_modules_next_dist_compiled_react-dom_1e674e59._.js:7266:167)
    at commitHookPassiveMountEffects (http://localhost:3000/_next/static/chunks/node_modules_next_dist_compiled_react-dom_1e674e59._.js:7301:60)
    at reconnectPassiveEffects (http://localhost:3000/_next/static/chunks/node_modules_next_dist_compiled_react-dom_1e674e59._.js:8786:17)
    at recursivelyTraverseReconnectPassiveEffects (http://localhost:3000/_next/static/chunks/node_modules_next_dist_compiled_react-dom_1e674e59._.js:8773:13)
    at commitPassiveMountOnFiber (http://localhost:3000/_next/static/chunks/node_modules_next_dist_compiled_react-dom_1e674e59._.js:8745:970)
    at recursivelyTraversePassiveMountEffects (http://localhost:3000/_next/static/chunks/node_modules_next_dist_compiled_react-dom_1e674e59._.js:8683:316)
    at commitPassiveMountOnFiber (http://localhost:3000/_next/static/chunks/node_modules_next_dist_compiled_react-dom_1e674e59._.js:8737:17)
    at recursivelyTraversePassiveMountEffects (http://localhost:3000/_next/static/chunks/node_modules_next_dist_compiled_react-dom_1e674e59._.js:8683:316)
    at commitPassiveMountOnFiber (http://localhost:3000/_next/static/chunks/node_modules_next_dist_compiled_react-dom_1e674e59._.js:8695:17)
    at recursivelyTraversePassiveMountEffects (http://localhost:3000/_next/static/chunks/node_modules_next_dist_compiled_react-dom_1e674e59._.js:8683:316)
    at commitPassiveMountOnFiber (http://localhost:3000/_next/static/chunks/node_modules_next_dist_compiled_react-dom_1e674e59._.js:8695:17)
    at recursivelyTraversePassiveMountEffects (http://localhost:3000/_next/static/chunks/node_modules_next_dist_compiled_react-dom_1e674e59._.js:8683:316)
    at commitPassiveMountOnFiber (http://localhost:3000/_next/static/chunks/node_modules_next_dist_compiled_react-dom_1e674e59._.js:8695:17)
    at recursivelyTraversePassiveMountEffects (http://localhost:3000/_next/static/chunks/node_modules_next_dist_compiled_react-dom_1e674e59._.js:8683:316)
    at commitPassiveMountOnFiber (http://localhost:3000/_next/static/chunks/node_modules_next_dist_compiled_react-dom_1e674e59._.js:8757:17)
    at recursivelyTraversePassiveMountEffects (http://localhost:3000/_next/static/chunks/node_modules_next_dist_compiled_react-dom_1e674e59._.js:8683:316)
    at commitPassiveMountOnFiber (http://localhost:3000/_next/static/chunks/node_modules_next_dist_compiled_react-dom_1e674e59._.js:8757:17)
    at recursivelyTraversePassiveMountEffects (http://localhost:3000/_next/static/chunks/node_modules_next_dist_compiled_react-dom_1e674e59._.js:8683:316)
    at commitPassiveMountOnFiber (http://localhost:3000/_next/static/chunks/node_modules_next_dist_compiled_react-dom_1e674e59._.js:8695:17)
    at recursivelyTraversePassiveMountEffects (http://localhost:3000/_next/static/chunks/node_modules_next_dist_compiled_react-dom_1e674e59._.js:8683:316)
    at commitPassiveMountOnFiber (http://localhost:3000/_next/static/chunks/node_modules_next_dist_compiled_react-dom_1e674e59._.js:8700:17)
    at recursivelyTraversePassiveMountEffects (http://localhost:3000/_next/static/chunks/node_modules_next_dist_compiled_react-dom_1e674e59._.js:8683:316)
    at commitPassiveMountOnFiber (http://localhost:3000/_next/static/chunks/node_modules_next_dist_compiled_react-dom_1e674e59._.js:8695:17)
    at recursivelyTraversePassiveMountEffects (http://localhost:3000/_next/static/chunks/node_modules_next_dist_compiled_react-dom_1e674e59._.js:8683:316)
    at commitPassiveMountOnFiber (http://localhost:3000/_next/static/chunks/node_modules_next_dist_compiled_react-dom_1e674e59._.js:8695:17)
    at recursivelyTraversePassiveMountEffects (http://localhost:3000/_next/static/chunks/node_modules_next_dist_compiled_react-dom_1e674e59._.js:8683:316)
    at commitPassiveMountOnFiber (http://localhost:3000/_next/static/chunks/node_modules_next_dist_compiled_react-dom_1e674e59._.js:8695:17)
    at recursivelyTraversePassiveMountEffects (http://localhost:3000/_next/static/chunks/node_modules_next_dist_compiled_react-dom_1e674e59._.js:8683:316)
    at commitPassiveMountOnFiber (http://localhost:3000/_next/static/chunks/node_modules_next_dist_compiled_react-dom_1e674e59._.js:8700:17)
    at recursivelyTraversePassiveMountEffects (http://localhost:3000/_next/static/chunks/node_modules_next_dist_compiled_react-dom_1e674e59._.js:8683:316)
    at commitPassiveMountOnFiber (http://localhost:3000/_next/static/chunks/node_modules_next_dist_compiled_react-dom_1e674e59._.js:8695:17)
    at recursivelyTraversePassiveMountEffects (http://localhost:3000/_next/static/chunks/node_modules_next_dist_compiled_react-dom_1e674e59._.js:8683:316)
    at commitPassiveMountOnFiber (http://localhost:3000/_next/static/chunks/node_modules_next_dist_compiled_react-dom_1e674e59._.js:8700:17)
    at recursivelyTraversePassiveMountEffects (http://localhost:3000/_next/static/chunks/node_modules_next_dist_compiled_react-dom_1e674e59._.js:8683:316)
    at commitPassiveMountOnFiber (http://localhost:3000/_next/static/chunks/node_modules_next_dist_compiled_react-dom_1e674e59._.js:8695:17)
    at recursivelyTraversePassiveMountEffects (http://localhost:3000/_next/static/chunks/node_modules_next_dist_compiled_react-dom_1e674e59._.js:8683:316)
    at commitPassiveMountOnFiber (http://localhost:3000/_next/static/chunks/node_modules_next_dist_compiled_react-dom_1e674e59._.js:8695:17)
    at recursivelyTraversePassiveMountEffects (http://localhost:3000/_next/static/chunks/node_modules_next_dist_compiled_react-dom_1e674e59._.js:8683:316)
    at commitPassiveMountOnFiber (http://localhost:3000/_next/static/chunks/node_modules_next_dist_compiled_react-dom_1e674e59._.js:8757:17)
    at recursivelyTraversePassiveMountEffects (http://localhost:3000/_next/static/chunks/node_modules_next_dist_compiled_react-dom_1e674e59._.js:8683:316) @ http://localhost:3000/_next/static/chunks/node_modules_next_dist_f3530cac._.js:3127
[    2027ms] [ERROR] %o

%s Error: Invalid src prop (https://i.pravatar.cc/150?u=mohit) on `next/image`, hostname "i.pravatar.cc" is not configured under images in your `next.config.js`
See more info: https://nextjs.org/docs/messages/next-image-unconfigured-host
    at defaultLoader (http://localhost:3000/_next/static/chunks/node_modules_next_dist_a428f260._.js:1629:49)
    at http://localhost:3000/_next/static/chunks/node_modules_next_dist_a428f260._.js:672:39
    at Array.map (<anonymous>)
    at generateImgAttrs (http://localhost:3000/_next/static/chunks/node_modules_next_dist_a428f260._.js:672:24)
    at getImgProps (http://localhost:3000/_next/static/chunks/node_modules_next_dist_a428f260._.js:1085:27)
    at http://localhost:3000/_next/static/chunks/node_modules_next_dist_a428f260._.js:2526:82
    at Object.react_stack_bottom_frame (http://localhost:3000/_next/static/chunks/node_modules_next_dist_compiled_react-dom_1e674e59._.js:14826:24)
    at renderWithHooks (http://localhost:3000/_next/static/chunks/node_modules_next_dist_compiled_react-dom_1e674e59._.js:4651:24)
    at updateForwardRef (http://localhost:3000/_next/static/chunks/node_modules_next_dist_compiled_react-dom_1e674e59._.js:5939:21)
    at beginWork (http://localhost:3000/_next/static/chunks/node_modules_next_dist_compiled_react-dom_1e674e59._.js:6783:24)
    at runWithFiberInDEV (http://localhost:3000/_next/static/chunks/node_modules_next_dist_compiled_react-dom_1e674e59._.js:965:74)
    at performUnitOfWork (http://localhost:3000/_next/static/chunks/node_modules_next_dist_compiled_react-dom_1e674e59._.js:9562:97)
    at workLoopSync (http://localhost:3000/_next/static/chunks/node_modules_next_dist_compiled_react-dom_1e674e59._.js:9456:40)
    at renderRootSync (http://localhost:3000/_next/static/chunks/node_modules_next_dist_compiled_react-dom_1e674e59._.js:9440:13)
    at performWorkOnRoot (http://localhost:3000/_next/static/chunks/node_modules_next_dist_compiled_react-dom_1e674e59._.js:9105:47)
    at performWorkOnRootViaSchedulerTask (http://localhost:3000/_next/static/chunks/node_modules_next_dist_compiled_react-dom_1e674e59._.js:10230:9)
    at MessagePort.performWorkUntilDeadline (http://localhost:3000/_next/static/chunks/node_modules_next_dist_compiled_a0e4c7b4._.js:2647:64) The above error occurred in the <Unknown> component. It was handled by the <ErrorBoundaryHandler> error boundary. @ http://localhost:3000/_next/static/chunks/node_modules_next_dist_client_17643121._.js:1342
[    2035ms] [ERROR] Error: Invalid src prop (https://i.pravatar.cc/150?u=mohit) on `next/image`, hostname "i.pravatar.cc" is not configured under images in your `next.config.js`
See more info: https://nextjs.org/docs/messages/next-image-unconfigured-host
    at defaultLoader (http://localhost:3000/_next/static/chunks/node_modules_next_dist_a428f260._.js:1629:49)
    at http://localhost:3000/_next/static/chunks/node_modules_next_dist_a428f260._.js:672:39
    at Array.map (<anonymous>)
    at generateImgAttrs (http://localhost:3000/_next/static/chunks/node_modules_next_dist_a428f260._.js:672:24)
    at getImgProps (http://localhost:3000/_next/static/chunks/node_modules_next_dist_a428f260._.js:1085:27)
    at http://localhost:3000/_next/static/chunks/node_modules_next_dist_a428f260._.js:2526:82
    at Object.react_stack_bottom_frame (http://localhost:3000/_next/static/chunks/node_modules_next_dist_compiled_react-dom_1e674e59._.js:14826:24)
    at renderWithHooks (http://localhost:3000/_next/static/chunks/node_modules_next_dist_compiled_react-dom_1e674e59._.js:4651:24)
    at updateForwardRef (http://localhost:3000/_next/static/chunks/node_modules_next_dist_compiled_react-dom_1e674e59._.js:5939:21)
    at beginWork (http://localhost:3000/_next/static/chunks/node_modules_next_dist_compiled_react-dom_1e674e59._.js:6783:24)
    at runWithFiberInDEV (http://localhost:3000/_next/static/chunks/node_modules_next_dist_compiled_react-dom_1e674e59._.js:965:74)
    at performUnitOfWork (http://localhost:3000/_next/static/chunks/node_modules_next_dist_compiled_react-dom_1e674e59._.js:9562:97)
    at workLoopSync (http://localhost:3000/_next/static/chunks/node_modules_next_dist_compiled_react-dom_1e674e59._.js:9456:40)
    at renderRootSync (http://localhost:3000/_next/static/chunks/node_modules_next_dist_compiled_react-dom_1e674e59._.js:9440:13)
    at performWorkOnRoot (http://localhost:3000/_next/static/chunks/node_modules_next_dist_compiled_react-dom_1e674e59._.js:9105:47)
    at performWorkOnRootViaSchedulerTask (http://localhost:3000/_next/static/chunks/node_modules_next_dist_compiled_react-dom_1e674e59._.js:10230:9)
    at MessagePort.performWorkUntilDeadline (http://localhost:3000/_next/static/chunks/node_modules_next_dist_compiled_a0e4c7b4._.js:2647:64) @ http://localhost:3000/_next/static/chunks/node_modules_next_dist_f3530cac._.js:3127
[    2036ms] [ERROR] Error: Invalid src prop (https://i.pravatar.cc/150?u=mohit) on `next/image`, hostname "i.pravatar.cc" is not configured under images in your `next.config.js`
See more info: https://nextjs.org/docs/messages/next-image-unconfigured-host
    at defaultLoader (http://localhost:3000/_next/static/chunks/node_modules_next_dist_a428f260._.js:1629:49)
    at http://localhost:3000/_next/static/chunks/node_modules_next_dist_a428f260._.js:672:39
    at Array.map (<anonymous>)
    at generateImgAttrs (http://localhost:3000/_next/static/chunks/node_modules_next_dist_a428f260._.js:672:24)
    at getImgProps (http://localhost:3000/_next/static/chunks/node_modules_next_dist_a428f260._.js:1085:27)
    at http://localhost:3000/_next/static/chunks/node_modules_next_dist_a428f260._.js:2526:82
    at Object.react_stack_bottom_frame (http://localhost:3000/_next/static/chunks/node_modules_next_dist_compiled_react-dom_1e674e59._.js:14826:24)
    at renderWithHooks (http://localhost:3000/_next/static/chunks/node_modules_next_dist_compiled_react-dom_1e674e59._.js:4651:24)
    at updateForwardRef (http://localhost:3000/_next/static/chunks/node_modules_next_dist_compiled_react-dom_1e674e59._.js:5939:21)
    at beginWork (http://localhost:3000/_next/static/chunks/node_modules_next_dist_compiled_react-dom_1e674e59._.js:6783:24)
    at runWithFiberInDEV (http://localhost:3000/_next/static/chunks/node_modules_next_dist_compiled_react-dom_1e674e59._.js:965:74)
    at performUnitOfWork (http://localhost:3000/_next/static/chunks/node_modules_next_dist_compiled_react-dom_1e674e59._.js:9562:97)
    at workLoopSync (http://localhost:3000/_next/static/chunks/node_modules_next_dist_compiled_react-dom_1e674e59._.js:9456:40)
    at renderRootSync (http://localhost:3000/_next/static/chunks/node_modules_next_dist_compiled_react-dom_1e674e59._.js:9440:13)
    at performWorkOnRoot (http://localhost:3000/_next/static/chunks/node_modules_next_dist_compiled_react-dom_1e674e59._.js:9105:47)
    at performWorkOnRootViaSchedulerTask (http://localhost:3000/_next/static/chunks/node_modules_next_dist_compiled_react-dom_1e674e59._.js:10230:9)
    at MessagePort.performWorkUntilDeadline (http://localhost:3000/_next/static/chunks/node_modules_next_dist_compiled_a0e4c7b4._.js:2647:64) @ http://localhost:3000/_next/static/chunks/node_modules_next_dist_f3530cac._.js:3127
